<?xml version="1.0" encoding="UTF-8"?>
<testng-results skipped="1" failed="0" total="1" passed="0">
  <reporter-output>
  </reporter-output>
  <suite name="Default suite" duration-ms="50" started-at="2016-11-12T09:14:42Z" finished-at="2016-11-12T09:14:42Z">
    <groups>
    </groups>
    <test name="Default test" duration-ms="50" started-at="2016-11-12T09:14:42Z" finished-at="2016-11-12T09:14:42Z">
      <class name="PracticeSelenium.GridDemo">
        <test-method status="FAIL" signature="setUp()[pri:0, instance:PracticeSelenium.GridDemo@aaf8eaa]" name="setUp" is-config="true" duration-ms="0" started-at="2016-11-12T14:44:42Z" finished-at="2016-11-12T14:44:42Z">
          <exception class="java.lang.NoClassDefFoundError">
            <message>
              <![CDATA[com/google/common/base/Function]]>
            </message>
            <full-stacktrace>
              <![CDATA[java.lang.NoClassDefFoundError: com/google/common/base/Function
	at PracticeSelenium.GridDemo.setUp(GridDemo.java:21)
	at sun.reflect.NativeMethodAccessorImpl.invoke0(Native Method)
	at sun.reflect.NativeMethodAccessorImpl.invoke(NativeMethodAccessorImpl.java:57)
	at sun.reflect.DelegatingMethodAccessorImpl.invoke(DelegatingMethodAccessorImpl.java:43)
	at java.lang.reflect.Method.invoke(Method.java:606)
	at org.testng.internal.MethodInvocationHelper.invokeMethod(MethodInvocationHelper.java:86)
	at org.testng.internal.Invoker.invokeConfigurationMethod(Invoker.java:514)
	at org.testng.internal.Invoker.invokeConfigurations(Invoker.java:215)
	at org.testng.internal.Invoker.invokeConfigurations(Invoker.java:142)
	at org.testng.internal.TestMethodWorker.invokeBeforeClassMethods(TestMethodWorker.java:178)
	at org.testng.internal.TestMethodWorker.run(TestMethodWorker.java:108)
	at org.testng.TestRunner.privateRun(TestRunner.java:782)
	at org.testng.TestRunner.run(TestRunner.java:632)
	at org.testng.SuiteRunner.runTest(SuiteRunner.java:366)
	at org.testng.SuiteRunner.runSequentially(SuiteRunner.java:361)
	at org.testng.SuiteRunner.privateRun(SuiteRunner.java:319)
	at org.testng.SuiteRunner.run(SuiteRunner.java:268)
	at org.testng.SuiteRunnerWorker.runSuite(SuiteRunnerWorker.java:52)
	at org.testng.SuiteRunnerWorker.run(SuiteRunnerWorker.java:86)
	at org.testng.TestNG.runSuitesSequentially(TestNG.java:1244)
	at org.testng.TestNG.runSuitesLocally(TestNG.java:1169)
	at org.testng.TestNG.run(TestNG.java:1064)
	at org.testng.remote.RemoteTestNG.run(RemoteTestNG.java:113)
	at org.testng.remote.RemoteTestNG.initAndRun(RemoteTestNG.java:206)
	at org.testng.remote.RemoteTestNG.main(RemoteTestNG.java:177)
Caused by: java.lang.ClassNotFoundException: com.google.common.base.Function
	at java.net.URLClassLoader$1.run(URLClassLoader.java:366)
	at java.net.URLClassLoader$1.run(URLClassLoader.java:355)
	at java.security.AccessController.doPrivileged(Native Method)
	at java.net.URLClassLoader.findClass(URLClassLoader.java:354)
	at java.lang.ClassLoader.loadClass(ClassLoader.java:425)
	at sun.misc.Launcher$AppClassLoader.loadClass(Launcher.java:308)
	at java.lang.ClassLoader.loadClass(ClassLoader.java:358)
	... 25 more
]]>
            </full-stacktrace>
          </exception> <!-- java.lang.NoClassDefFoundError -->
          <reporter-output>
          </reporter-output>
        </test-method> <!-- setUp -->
        <test-method status="SKIP" signature="testGooglePageTitleInIEBrowser()[pri:0, instance:PracticeSelenium.GridDemo@aaf8eaa]" name="testGooglePageTitleInIEBrowser" duration-ms="1" started-at="2016-11-12T14:44:42Z" finished-at="2016-11-12T14:44:42Z">
          <reporter-output>
          </reporter-output>
        </test-method> <!-- testGooglePageTitleInIEBrowser -->
        <test-method status="SKIP" signature="closeBrowser()[pri:0, instance:PracticeSelenium.GridDemo@aaf8eaa]" name="closeBrowser" is-config="true" duration-ms="0" started-at="2016-11-12T14:44:42Z" finished-at="2016-11-12T14:44:42Z">
          <reporter-output>
          </reporter-output>
        </test-method> <!-- closeBrowser -->
      </class> <!-- PracticeSelenium.GridDemo -->
    </test> <!-- Default test -->
  </suite> <!-- Default suite -->
</testng-results>
